\BOOKMARK [0][-]{chapter.1}{Wstep}{}% 1
\BOOKMARK [1][-]{section.1.1}{Om\363wienie tematu}{chapter.1}% 2
\BOOKMARK [1][-]{section.1.2}{Zanim zaczniesz}{chapter.1}% 3
\BOOKMARK [0][-]{chapter.2}{Co to linux}{}% 4
\BOOKMARK [1][-]{section.2.1}{Systemy operacyjne - rodzaje, budowa, cechy}{chapter.2}% 5
\BOOKMARK [1][-]{section.2.2}{R\363znice miedzy Linuxem a Windowsem}{chapter.2}% 6
\BOOKMARK [0][-]{chapter.3}{Korzysci i problemy migracji}{}% 7
\BOOKMARK [1][-]{section.3.1}{Podstawowe problemy migracji}{chapter.3}% 8
\BOOKMARK [1][-]{section.3.2}{Zalety zmiany srodowiska}{chapter.3}% 9
\BOOKMARK [1][-]{section.3.3}{Przed migracja}{chapter.3}% 10
\BOOKMARK [0][-]{chapter.4}{Rodzaje dystrybucji}{}% 11
\BOOKMARK [1][-]{section.4.1}{Modele licencjonowania}{chapter.4}% 12
\BOOKMARK [1][-]{section.4.2}{Dystrybucje Linuxa}{chapter.4}% 13
\BOOKMARK [0][-]{chapter.5}{Zmiana systemu}{}% 14
\BOOKMARK [1][-]{section.5.1}{Instalacja}{chapter.5}% 15
\BOOKMARK [2][-]{subsection.5.1.1}{Tworzenie nosnika}{section.5.1}% 16
\BOOKMARK [2][-]{subsection.5.1.2}{Instalacja}{section.5.1}% 17
\BOOKMARK [2][-]{subsection.5.1.3}{Konfiguracja poinstalacyjna}{section.5.1}% 18
\BOOKMARK [1][-]{section.5.2}{Nauka obs\233ugi systemu oraz dobre nawyki}{chapter.5}% 19
\BOOKMARK [0][-]{chapter.6}{Aplikacje i srodowiska alternatywne}{}% 20
\BOOKMARK [1][-]{section.6.1}{Multimedia}{chapter.6}% 21
\BOOKMARK [1][-]{section.6.2}{Tw\363rczosc}{chapter.6}% 22
\BOOKMARK [0][-]{chapter.7}{Automatyzacja zadan}{}% 23
\BOOKMARK [1][-]{section.7.1}{Metody automatyzacji}{chapter.7}% 24
\BOOKMARK [1][-]{section.7.2}{Przyk\233adowe programy i zr\363d\233a}{chapter.7}% 25
\BOOKMARK [0][-]{chapter.8}{Linux i Gaming?}{}% 26
\BOOKMARK [1][-]{section.8.1}{Problemy z linuxem}{chapter.8}% 27
\BOOKMARK [1][-]{section.8.2}{Rozwiazania spo\233ecznosci}{chapter.8}% 28
\BOOKMARK [0][-]{chapter.9}{Bezpieczenstwo}{}% 29
\BOOKMARK [0][-]{chapter.10}{Podsumowanie}{}% 30
\BOOKMARK [1][-]{section.10.1}{Zalety i wady}{chapter.10}% 31
\BOOKMARK [1][-]{section.10.2}{Dodatkowe materia\233y merytoryczne do wgladu w\233asnego}{chapter.10}% 32
\BOOKMARK [0][-]{chapter.11}{Zakonczenie}{}% 33
\BOOKMARK [0][-]{chapter.12}{Zr\363d\233a}{}% 34
